<?xml version="1.0" encoding="UTF-8"?>
<testng-results ignored="0" total="1" passed="1" failed="0" skipped="0">
  <reporter-output>
  </reporter-output>
  <suite started-at="2025-02-05T14:25:24 IST" name="Default suite" finished-at="2025-02-05T14:25:41 IST" duration-ms="17472">
    <groups>
    </groups>
    <test started-at="2025-02-05T14:25:24 IST" name="Default test" finished-at="2025-02-05T14:25:41 IST" duration-ms="17472">
      <class name="TestSuite.RunE2E">
        <test-method is-config="true" signature="setUp(java.lang.String)[pri:0, instance:TestSuite.RunE2E@4c60d6e9]" started-at="2025-02-05T14:25:24 IST" name="setUp" finished-at="2025-02-05T14:25:34 IST" duration-ms="9961" status="PASS">
          <params>
            <param index="0">
              <value>
                <![CDATA[chrome]]>
              </value>
            </param>
          </params>
          <reporter-output>
          </reporter-output>
        </test-method> <!-- setUp -->
        <test-method signature="RunTest()[pri:0, instance:TestSuite.RunE2E@4c60d6e9]" started-at="2025-02-05T14:25:34 IST" name="RunTest" finished-at="2025-02-05T14:25:41 IST" duration-ms="7429" status="PASS">
          <reporter-output>
          </reporter-output>
        </test-method> <!-- RunTest -->
      </class> <!-- TestSuite.RunE2E -->
    </test> <!-- Default test -->
  </suite> <!-- Default suite -->
</testng-results>
